[0m03:16:18.736836 [debug] [MainThread]: Sending event: {'category': 'dbt', 'action': 'invocation', 'label': 'start', 'context': [<snowplow_tracker.self_describing_json.SelfDescribingJson object at 0x000002158284CD70>, <snowplow_tracker.self_describing_json.SelfDescribingJson object at 0x00000215832ED090>, <snowplow_tracker.self_describing_json.SelfDescribingJson object at 0x0000021583947ED0>]}


============================== 03:16:18.771838 | 451fe264-db9b-4a90-9291-b13e21f8cea8 ==============================
[0m03:16:18.771838 [info ] [MainThread]: Running with dbt=1.10.15
[0m03:16:18.772491 [debug] [MainThread]: running dbt with arguments {'version_check': 'True', 'no_print': 'None', 'static_parser': 'True', 'target_path': 'None', 'warn_error_options': 'WarnErrorOptionsV2(error=[], warn=[], silence=[])', 'printer_width': '80', 'write_json': 'True', 'introspect': 'True', 'log_cache_events': 'False', 'empty': 'None', 'cache_selected_only': 'False', 'fail_fast': 'False', 'debug': 'False', 'log_format': 'default', 'partial_parse': 'True', 'send_anonymous_usage_stats': 'True', 'quiet': 'False', 'warn_error': 'None', 'profiles_dir': 'C:\\Users\\2srav\\.dbt', 'invocation_command': 'dbt init', 'use_colors': 'True', 'indirect_selection': 'eager', 'use_experimental_parser': 'False', 'log_path': 'logs'}
[0m03:16:18.842926 [info ] [MainThread]: Creating dbt configuration folder at C:\Users\2srav\.dbt
[0m03:17:14.668188 [debug] [MainThread]: Starter project path: C:\Users\2srav\Documents\sravan_git\.venv\Lib\site-packages\dbt\include\starter_project
[0m03:17:14.718883 [info ] [MainThread]: 
Your new dbt project "sravan_c_dbt" was created!

For more information on how to configure the profiles.yml file,
please consult the dbt documentation here:

  https://docs.getdbt.com/docs/configure-your-profile

One more thing:

Need help? Don't hesitate to reach out to us via GitHub issues or on Slack:

  https://community.getdbt.com/

Happy modeling!

[0m03:17:14.721559 [info ] [MainThread]: Setting up your profile.
[0m03:18:51.693496 [debug] [MainThread]: Spark adapter: Setting pyhive.hive logging to ERROR
[0m03:18:51.693993 [debug] [MainThread]: Spark adapter: Setting thrift.transport logging to ERROR
[0m03:18:51.694448 [debug] [MainThread]: Spark adapter: Setting thrift.protocol logging to ERROR
[0m03:29:14.756671 [info ] [MainThread]: Profile sravan_c_dbt written to C:\Users\2srav\.dbt\profiles.yml using target's profile_template.yml and your supplied values. Run 'dbt debug' to validate the connection.
[0m03:29:14.773367 [debug] [MainThread]: Command `dbt init` succeeded at 03:29:14.771555 after 776.21 seconds
[0m03:29:14.776656 [debug] [MainThread]: Sending event: {'category': 'dbt', 'action': 'invocation', 'label': 'end', 'context': [<snowplow_tracker.self_describing_json.SelfDescribingJson object at 0x0000021586C70050>, <snowplow_tracker.self_describing_json.SelfDescribingJson object at 0x0000021586C12E70>, <snowplow_tracker.self_describing_json.SelfDescribingJson object at 0x00000215883C7130>]}
[0m03:29:14.779111 [debug] [MainThread]: Flushing usage events
[0m03:29:15.559456 [debug] [MainThread]: An error was encountered while trying to flush usage events
[0m03:33:59.447486 [debug] [MainThread]: Sending event: {'category': 'dbt', 'action': 'invocation', 'label': 'start', 'context': [<snowplow_tracker.self_describing_json.SelfDescribingJson object at 0x0000023AADF2CD70>, <snowplow_tracker.self_describing_json.SelfDescribingJson object at 0x0000023AAE9CD090>, <snowplow_tracker.self_describing_json.SelfDescribingJson object at 0x0000023AAF027ED0>]}


============================== 03:33:59.454408 | 5f8f5875-908f-48ef-828b-a9055224db48 ==============================
[0m03:33:59.454408 [info ] [MainThread]: Running with dbt=1.10.15
[0m03:33:59.454970 [debug] [MainThread]: running dbt with arguments {'version_check': 'True', 'no_print': 'None', 'static_parser': 'True', 'warn_error_options': 'WarnErrorOptionsV2(error=[], warn=[], silence=[])', 'target_path': 'None', 'printer_width': '80', 'write_json': 'True', 'empty': 'None', 'log_cache_events': 'False', 'introspect': 'True', 'cache_selected_only': 'False', 'log_format': 'default', 'debug': 'False', 'fail_fast': 'False', 'partial_parse': 'True', 'send_anonymous_usage_stats': 'True', 'quiet': 'False', 'warn_error': 'None', 'profiles_dir': 'C:\\Users\\2srav\\.dbt', 'invocation_command': 'dbt debug', 'use_colors': 'True', 'indirect_selection': 'eager', 'use_experimental_parser': 'False', 'log_path': 'logs'}
[0m03:33:59.481226 [info ] [MainThread]: dbt version: 1.10.15
[0m03:33:59.481786 [info ] [MainThread]: python version: 3.13.6
[0m03:33:59.482150 [info ] [MainThread]: python path: C:\Users\2srav\Documents\sravan_git\.venv\Scripts\python.exe
[0m03:33:59.482460 [info ] [MainThread]: os info: Windows-11-10.0.26100-SP0
[0m03:34:00.213335 [debug] [MainThread]: Spark adapter: Setting pyhive.hive logging to ERROR
[0m03:34:00.213692 [debug] [MainThread]: Spark adapter: Setting thrift.transport logging to ERROR
[0m03:34:00.213914 [debug] [MainThread]: Spark adapter: Setting thrift.protocol logging to ERROR
[0m03:34:01.056880 [info ] [MainThread]: Using profiles dir at C:\Users\2srav\.dbt
[0m03:34:01.057356 [info ] [MainThread]: Using profiles.yml file at C:\Users\2srav\.dbt\profiles.yml
[0m03:34:01.057753 [info ] [MainThread]: Using dbt_project.yml file at C:\Users\2srav\Documents\sravan_git\dbt_project.yml
[0m03:34:01.058069 [info ] [MainThread]: adapter type: databricks
[0m03:34:01.058415 [info ] [MainThread]: adapter version: 1.11.0
[0m03:34:01.058751 [info ] [MainThread]: Configuration:
[0m03:34:01.059079 [info ] [MainThread]:   profiles.yml file [[32mOK found and valid[0m]
[0m03:34:01.059429 [info ] [MainThread]:   dbt_project.yml file [[31mERROR not found[0m]
[0m03:34:01.059721 [info ] [MainThread]: Required dependencies:
[0m03:34:01.060052 [debug] [MainThread]: Executing "git --help"
[0m03:34:01.091747 [debug] [MainThread]: STDOUT: "b"usage: git [-v | --version] [-h | --help] [-C <path>] [-c <name>=<value>]\n           [--exec-path[=<path>]] [--html-path] [--man-path] [--info-path]\n           [-p | --paginate | -P | --no-pager] [--no-replace-objects] [--no-lazy-fetch]\n           [--no-optional-locks] [--no-advice] [--bare] [--git-dir=<path>]\n           [--work-tree=<path>] [--namespace=<name>] [--config-env=<name>=<envvar>]\n           <command> [<args>]\n\nThese are common Git commands used in various situations:\n\nstart a working area (see also: git help tutorial)\n   clone      Clone a repository into a new directory\n   init       Create an empty Git repository or reinitialize an existing one\n\nwork on the current change (see also: git help everyday)\n   add        Add file contents to the index\n   mv         Move or rename a file, a directory, or a symlink\n   restore    Restore working tree files\n   rm         Remove files from the working tree and from the index\n\nexamine the history and state (see also: git help revisions)\n   bisect     Use binary search to find the commit that introduced a bug\n   diff       Show changes between commits, commit and working tree, etc\n   grep       Print lines matching a pattern\n   log        Show commit logs\n   show       Show various types of objects\n   status     Show the working tree status\n\ngrow, mark and tweak your common history\n   backfill   Download missing objects in a partial clone\n   branch     List, create, or delete branches\n   commit     Record changes to the repository\n   merge      Join two or more development histories together\n   rebase     Reapply commits on top of another base tip\n   reset      Reset current HEAD to the specified state\n   switch     Switch branches\n   tag        Create, list, delete or verify tags\n\ncollaborate (see also: git help workflows)\n   fetch      Download objects and refs from another repository\n   pull       Fetch from and integrate with another repository or a local branch\n   push       Update remote refs along with associated objects\n\n'git help -a' and 'git help -g' list available subcommands and some\nconcept guides. See 'git help <command>' or 'git help <concept>'\nto read about a specific subcommand or concept.\nSee 'git help git' for an overview of the system.\n""
[0m03:34:01.092176 [debug] [MainThread]: STDERR: "b''"
[0m03:34:01.092487 [info ] [MainThread]:  - git [[32mOK found[0m]

[0m03:34:01.093000 [info ] [MainThread]: Connection:
[0m03:34:01.093360 [info ] [MainThread]:   host: dbc-33e92f41-90f8.cloud.databricks.com
[0m03:34:01.093846 [info ] [MainThread]:   http_path: /sql/1.0/warehouses/1271f87819e069ba
[0m03:34:01.094194 [info ] [MainThread]:   catalog: dbt_c_dev
[0m03:34:01.094519 [info ] [MainThread]:   schema: default
[0m03:34:01.094922 [info ] [MainThread]: Registered adapter: databricks=1.11.0
[0m03:34:01.438781 [debug] [MainThread]: Databricks adapter: DatabricksDBTConnection(session-id=None, name=debug) - Creating connection
[0m03:34:01.439242 [debug] [MainThread]: Acquiring new databricks connection 'debug'
[0m03:34:01.439467 [debug] [MainThread]: Using databricks connection "debug"
[0m03:34:01.439878 [debug] [MainThread]: On debug: select 1 as id
[0m03:34:01.440089 [debug] [MainThread]: Opening a new connection, currently in state init
[0m03:34:02.248907 [debug] [MainThread]: Databricks adapter: Connection(session-id=01f0d999-30db-182d-8e1d-1787d2c1ce1c) - Created
[0m03:34:16.930502 [debug] [MainThread]: SQL status: OK in 15.490 seconds
[0m03:34:16.932370 [debug] [MainThread]: Databricks adapter: Cursor(session-id=01f0d999-30db-182d-8e1d-1787d2c1ce1c, command-id=01f0d999-30f9-1d62-9892-60b966d040a4) - Closing
[0m03:34:17.124270 [debug] [MainThread]: On debug: Close
[0m03:34:17.124864 [debug] [MainThread]: Databricks adapter: Connection(session-id=01f0d999-30db-182d-8e1d-1787d2c1ce1c) - Closing
[0m03:34:17.227033 [info ] [MainThread]:   Connection test: [[32mOK connection ok[0m]

[0m03:34:17.227737 [info ] [MainThread]: [31m1 check failed:[0m
[0m03:34:17.228209 [info ] [MainThread]: Project loading failed for the following reason:
 project path <C:\Users\2srav\Documents\sravan_git\dbt_project.yml> not found

[0m03:34:17.229252 [debug] [MainThread]: Command `dbt debug` failed at 03:34:17.229069 after 17.92 seconds
[0m03:34:17.229990 [debug] [MainThread]: Sending event: {'category': 'dbt', 'action': 'invocation', 'label': 'end', 'context': [<snowplow_tracker.self_describing_json.SelfDescribingJson object at 0x0000023ACC695A70>, <snowplow_tracker.self_describing_json.SelfDescribingJson object at 0x0000023ACC5CF650>, <snowplow_tracker.self_describing_json.SelfDescribingJson object at 0x0000023AB16CDD00>]}
[0m03:34:17.230456 [debug] [MainThread]: Flushing usage events
[0m03:34:18.045276 [debug] [MainThread]: An error was encountered while trying to flush usage events
